#
# A fatal error has been detected by the Java Runtime Environment:
#
#  SIGSEGV (0xb) at pc=0xb5b60f7f, pid=15265, tid=3038468976
#
# JRE version: 6.0_20-b20
# Java VM: OpenJDK Client VM (19.0-b09 mixed mode, sharing linux-x86 )
# Derivative: IcedTea6 1.9.2
# Distribution: Ubuntu 10.10, package 6b20-1.9.2-0ubuntu1
# Problematic frame:
# J  java.lang.ref.ReferenceQueue.enqueue(Ljava/lang/ref/Reference;)Z
#
# If you would like to submit a bug report, please include
# instructions how to reproduce the bug and visit:
#   https://bugs.launchpad.net/ubuntu/+source/openjdk-6/
#

---------------  T H R E A D  ---------------

Current thread (0x09cc8000):  JavaThread "Reference Handler" daemon [_thread_in_Java, id=15294, stack(0xb50b5000,0xb51b6000)]

siginfo:si_signo=SIGSEGV: si_errno=0, si_code=128 (), si_addr=0x00000000

Registers:
EAX=0x90420770, EBX=0x00000000, ECX=0x823953b8, EDX=0x7d05e4a0
ESP=0xb51b4fa0, EBP=0xb51b5028, ESI=0x823953b8, EDI=0x00000000
EIP=0xb5b60f7f, CR2=0x00000000, EFLAGS=0x00210287

Register to memory mapping:

EAX=0x90420770
{instance class} 
 - klass: {other class}

EBX=0x00000000
0x00000000 is pointing to unknown location

ECX=0x823953b8
java.lang.ref.ReferenceQueue$Lock 
 - klass: 'java/lang/ref/ReferenceQueue$Lock'

EDX=0x7d05e4a0
org.jruby.javasupport.util.ObjectProxyCache$WeakEntryRef 
 - klass: 'org/jruby/javasupport/util/ObjectProxyCache$WeakEntryRef'

ESP=0xb51b4fa0
0xb51b4fa0 is pointing into the stack for thread: 0x09cc8000
"Reference Handler" daemon prio=10 tid=0x09cc8000 nid=0x3bbe runnable [0x00000000]
   java.lang.Thread.State: RUNNABLE

EBP=0xb51b5028
0xb51b5028 is pointing into the stack for thread: 0x09cc8000
"Reference Handler" daemon prio=10 tid=0x09cc8000 nid=0x3bbe runnable [0x00000000]
   java.lang.Thread.State: RUNNABLE

ESI=0x823953b8
java.lang.ref.ReferenceQueue$Lock 
 - klass: 'java/lang/ref/ReferenceQueue$Lock'

EDI=0x00000000
0x00000000 is pointing to unknown location


Top of Stack: (sp=0xb51b4fa0)
0xb51b4fa0:   011e6ff4 011e6ff4 b51b4fe8 00f82aae
0xb51b4fb0:   823d5068 b51b5000 09cc8000 823d5068
0xb51b4fc0:   7d05e4a0 823953b8 0000000d 7d05e4a0
0xb51b4fd0:   00000001 823953b8 00000000 00000003
0xb51b4fe0:   9391adc3 09cc8000 b51b5028 b56bc04d
0xb51b4ff0:   09cc8000 b56bc04d 7d05e4a0 82381fb0
0xb51b5000:   00000003 00000000 b51b5000 9391aded
0xb51b5010:   b51b5040 94329768 00000000 94329878 

Instructions: (pc=0xb5b60f7f)
0xb5b60f6f:   04 24 00 89 74 24 24 89 54 24 20 8b 49 10 3b 01
0xb5b60f7f:   e8 1e 02 00 00 8d 44 24 30 8b 70 04 8b 16 83 e2 

Stack: [0xb50b5000,0xb51b6000],  sp=0xb51b4fa0,  free space=1023k
Native frames: (J=compiled Java code, j=interpreted, Vv=VM code, C=native code)
J  java.lang.ref.ReferenceQueue.enqueue(Ljava/lang/ref/Reference;)Z
v  ~StubRoutines::call_stub
V  [libjvm.so+0x203db2]
V  [libjvm.so+0x302879]
V  [libjvm.so+0x202d4f]
V  [libjvm.so+0x2031aa]
V  [libjvm.so+0x203308]
V  [libjvm.so+0x255670]
V  [libjvm.so+0x3b15ec]
V  [libjvm.so+0x3b16b2]
V  [libjvm.so+0x3092a1]
C  [libpthread.so.0+0x5cc9]


---------------  P R O C E S S  ---------------

Java Threads: ( => current thread )
  0xb3f9c000 JavaThread "Thread-13" daemon [_thread_in_native, id=15351, stack(0xb43fc000,0xb44fd000)]
  0x09fc6000 JavaThread "ReferenceReaper" daemon [_thread_blocked, id=15350, stack(0xb45fe000,0xb46ff000)]
  0xb3f96c00 JavaThread "pool-1-thread-1" [_thread_blocked, id=15349, stack(0xb46ff000,0xb4800000)]
  0xb4e00c00 JavaThread "Low Memory Detector" daemon [_thread_blocked, id=15298, stack(0xb49fe000,0xb4aff000)]
  0x09cd2c00 JavaThread "CompilerThread0" daemon [_thread_blocked, id=15297, stack(0xb4f33000,0xb4fb4000)]
  0x09cd1000 JavaThread "Signal Dispatcher" daemon [_thread_blocked, id=15296, stack(0xb4aff000,0xb4c00000)]
  0x09cc9800 JavaThread "Finalizer" daemon [_thread_blocked, id=15295, stack(0xb4fb4000,0xb50b5000)]
=>0x09cc8000 JavaThread "Reference Handler" daemon [_thread_in_Java, id=15294, stack(0xb50b5000,0xb51b6000)]
  0x09c57400 JavaThread "main" [_thread_in_vm, id=15292, stack(0xb76b9000,0xb77ba000)]

Other Threads:
  0x09cc6800 VMThread [stack: 0xb51b6000,0xb5237000] [id=15293]
  0xb4e03400 WatcherThread [stack: 0xb497d000,0xb49fe000] [id=15299]

VM state:synchronizing (normal execution)

VM Mutex/Monitor currently owned by a thread:  ([mutex/lock_event])
[0x09c553e0] Safepoint_lock - owner thread: 0x09cc6800
[0x09c55448] Threads_lock - owner thread: 0x09cc6800

Heap
 def new generation   total 23872K, used 328K [0x7b8e0000, 0x7d2c0000, 0x82380000)
  eden space 21248K,   0% used [0x7b8e0000, 0x7b8e0028, 0x7cda0000)
  from space 2624K,  12% used [0x7d030000, 0x7d0821e8, 0x7d2c0000)
  to   space 2624K,   0% used [0x7cda0000, 0x7cda0000, 0x7d030000)
 tenured generation   total 52856K, used 38807K [0x82380000, 0x8571e000, 0x8f8e0000)
   the space 52856K,  73% used [0x82380000, 0x84965d90, 0x84965e00, 0x8571e000)
 compacting perm gen  total 22528K, used 22415K [0x8f8e0000, 0x90ee0000, 0x938e0000)
   the space 22528K,  99% used [0x8f8e0000, 0x90ec3d20, 0x90ec3e00, 0x90ee0000)
    ro space 10240K,  73% used [0x938e0000, 0x94036c20, 0x94036e00, 0x942e0000)
    rw space 12288K,  60% used [0x942e0000, 0x94a1f8b0, 0x94a1fa00, 0x94ee0000)

Dynamic libraries:
00110000-00134000 r-xp 00000000 08:01 171731     /lib/libm-2.12.1.so
00134000-00135000 r--p 00023000 08:01 171731     /lib/libm-2.12.1.so
00135000-00136000 rw-p 00024000 08:01 171731     /lib/libm-2.12.1.so
00136000-00158000 r-xp 00000000 08:01 812705     /usr/lib/jvm/java-6-openjdk/jre/lib/i386/libjava.so
00158000-00159000 r--p 00021000 08:01 812705     /usr/lib/jvm/java-6-openjdk/jre/lib/i386/libjava.so
00159000-0015b000 rw-p 00022000 08:01 812705     /usr/lib/jvm/java-6-openjdk/jre/lib/i386/libjava.so
0015b000-0016e000 r-xp 00000000 08:01 171728     /lib/libnsl-2.12.1.so
0016e000-0016f000 r--p 00012000 08:01 171728     /lib/libnsl-2.12.1.so
0016f000-00170000 rw-p 00013000 08:01 171728     /lib/libnsl-2.12.1.so
00170000-00172000 rw-p 00000000 00:00 0 
00172000-00178000 r-xp 00000000 08:01 812722     /usr/lib/jvm/java-6-openjdk/jre/lib/i386/libzip.so
00178000-00179000 r--p 00005000 08:01 812722     /usr/lib/jvm/java-6-openjdk/jre/lib/i386/libzip.so
00179000-0017a000 rw-p 00006000 08:01 812722     /usr/lib/jvm/java-6-openjdk/jre/lib/i386/libzip.so
0017a000-0018e000 r-xp 00000000 08:01 812715     /usr/lib/jvm/java-6-openjdk/jre/lib/i386/libnet.so
0018e000-0018f000 r--p 00013000 08:01 812715     /usr/lib/jvm/java-6-openjdk/jre/lib/i386/libnet.so
0018f000-00190000 rw-p 00014000 08:01 812715     /usr/lib/jvm/java-6-openjdk/jre/lib/i386/libnet.so
00190000-00193000 r-xp 00000000 08:01 493935     /tmp/swtlib-32/libswt-gtk-3555.so
00193000-00194000 rw-p 00002000 08:01 493935     /tmp/swtlib-32/libswt-gtk-3555.so
00194000-00195000 rw-p 00000000 00:00 0 
00195000-001a3000 r-xp 00000000 08:01 764481     /usr/lib/libXext.so.6.4.0
001a3000-001a4000 r--p 0000d000 08:01 764481     /usr/lib/libXext.so.6.4.0
001a4000-001a5000 rw-p 0000e000 08:01 764481     /usr/lib/libXext.so.6.4.0
001a5000-001a7000 r-xp 00000000 08:01 764815     /usr/lib/libXinerama.so.1.0.0
001a7000-001a8000 r--p 00001000 08:01 764815     /usr/lib/libXinerama.so.1.0.0
001a8000-001a9000 rw-p 00002000 08:01 764815     /usr/lib/libXinerama.so.1.0.0
001a9000-001af000 r-xp 00000000 08:01 764817     /usr/lib/libXrandr.so.2.2.0
001af000-001b0000 r--p 00005000 08:01 764817     /usr/lib/libXrandr.so.2.2.0
001b0000-001b1000 rw-p 00006000 08:01 764817     /usr/lib/libXrandr.so.2.2.0
001b1000-001b3000 r-xp 00000000 08:01 764809     /usr/lib/libXcomposite.so.1.0.0
001b3000-001b4000 r--p 00001000 08:01 764809     /usr/lib/libXcomposite.so.1.0.0
001b4000-001b5000 rw-p 00002000 08:01 764809     /usr/lib/libXcomposite.so.1.0.0
001b5000-001b7000 r-xp 00000000 08:01 764813     /usr/lib/libXdamage.so.1.1.0
001b7000-001b8000 r--p 00001000 08:01 764813     /usr/lib/libXdamage.so.1.1.0
001b8000-001b9000 rw-p 00002000 08:01 764813     /usr/lib/libXdamage.so.1.1.0
001b9000-001dc000 r-xp 00000000 08:01 171774     /lib/libpng12.so.0.44.0
001dc000-001dd000 r--p 00022000 08:01 171774     /lib/libpng12.so.0.44.0
001dd000-001de000 rw-p 00023000 08:01 171774     /lib/libpng12.so.0.44.0
001e1000-001ec000 r-xp 00000000 08:01 474226     /tmp/jffi7607008276131746734.tmp
001ec000-001ed000 rw-p 0000a000 08:01 474226     /tmp/jffi7607008276131746734.tmp
001ed000-001ef000 r-xp 00000000 08:01 761151     /usr/lib/libgmodule-2.0.so.0.2600.0
001ef000-001f0000 r--p 00002000 08:01 761151     /usr/lib/libgmodule-2.0.so.0.2600.0
001f0000-001f1000 rw-p 00003000 08:01 761151     /usr/lib/libgmodule-2.0.so.0.2600.0
001f2000-001f6000 r-xp 00000000 08:01 764563     /usr/lib/libXfixes.so.3.1.0
001f6000-001f7000 r--p 00003000 08:01 764563     /usr/lib/libXfixes.so.3.1.0
001f7000-001f8000 rw-p 00004000 08:01 764563     /usr/lib/libXfixes.so.3.1.0
001f8000-0021c000 r-xp 00000000 08:01 764800     /usr/lib/libpangoft2-1.0.so.0.2800.1
0021c000-0021d000 r--p 00023000 08:01 764800     /usr/lib/libpangoft2-1.0.so.0.2800.1
0021d000-0021e000 rw-p 00024000 08:01 764800     /usr/lib/libpangoft2-1.0.so.0.2800.1
0021e000-00220000 r-xp 00000000 08:01 764468     /usr/lib/libxcb-shm.so.0.0.0
00220000-00221000 r--p 00001000 08:01 764468     /usr/lib/libxcb-shm.so.0.0.0
00221000-00222000 rw-p 00002000 08:01 764468     /usr/lib/libxcb-shm.so.0.0.0
00222000-00224000 r-xp 00000000 08:01 764457     /usr/lib/libXau.so.6.0.0
00224000-00225000 r--p 00001000 08:01 764457     /usr/lib/libXau.so.6.0.0
00225000-00226000 rw-p 00002000 08:01 764457     /usr/lib/libXau.so.6.0.0
00228000-00230000 r-xp 00000000 08:01 764470     /usr/lib/libXrender.so.1.3.0
00230000-00231000 r--p 00007000 08:01 764470     /usr/lib/libXrender.so.1.3.0
00231000-00232000 rw-p 00008000 08:01 764470     /usr/lib/libXrender.so.1.3.0
00232000-00260000 r-xp 00000000 08:01 764453     /usr/lib/libfontconfig.so.1.4.4
00260000-00261000 r--p 0002d000 08:01 764453     /usr/lib/libfontconfig.so.1.4.4
00261000-00262000 rw-p 0002e000 08:01 764453     /usr/lib/libfontconfig.so.1.4.4
00264000-0026b000 r-xp 00000000 08:01 812716     /usr/lib/jvm/java-6-openjdk/jre/lib/i386/libnio.so
0026b000-0026c000 r--p 00006000 08:01 812716     /usr/lib/jvm/java-6-openjdk/jre/lib/i386/libnio.so
0026c000-0026d000 rw-p 00007000 08:01 812716     /usr/lib/jvm/java-6-openjdk/jre/lib/i386/libnio.so
0026d000-00273000 r-xp 00000000 08:01 764466     /usr/lib/libxcb-render.so.0.0.0
00273000-00274000 r--p 00005000 08:01 764466     /usr/lib/libxcb-render.so.0.0.0
00274000-00275000 rw-p 00006000 08:01 764466     /usr/lib/libxcb-render.so.0.0.0
00275000-0027a000 r-xp 00000000 08:01 967558     /usr/lib/gtk-2.0/modules/libcanberra-gtk-module.so
0027a000-0027b000 r--p 00004000 08:01 967558     /usr/lib/gtk-2.0/modules/libcanberra-gtk-module.so
0027b000-0027c000 rw-p 00005000 08:01 967558     /usr/lib/gtk-2.0/modules/libcanberra-gtk-module.so
0027c000-00280000 r-xp 00000000 08:01 764931     /usr/lib/libcanberra-gtk.so.0.1.6
00280000-00281000 r--p 00003000 08:01 764931     /usr/lib/libcanberra-gtk.so.0.1.6
00281000-00282000 rw-p 00004000 08:01 764931     /usr/lib/libcanberra-gtk.so.0.1.6
00282000-00288000 r-xp 00000000 08:01 812724     /usr/lib/jvm/java-6-openjdk/jre/lib/i386/native_threads/libhpi.so
00288000-00289000 r--p 00005000 08:01 812724     /usr/lib/jvm/java-6-openjdk/jre/lib/i386/native_threads/libhpi.so
00289000-0028a000 rw-p 00006000 08:01 812724     /usr/lib/jvm/java-6-openjdk/jre/lib/i386/native_threads/libhpi.so
0028a000-0031e000 r-xp 00000000 08:01 764823     /usr/lib/libgdk-x11-2.0.so.0.2200.0
0031e000-00320000 r--p 00094000 08:01 764823     /usr/lib/libgdk-x11-2.0.so.0.2200.0
00320000-00321000 rw-p 00096000 08:01 764823     /usr/lib/libgdk-x11-2.0.so.0.2200.0
00321000-00361000 r-xp 00000000 08:01 761150     /usr/lib/libgobject-2.0.so.0.2600.0
00361000-00362000 r--p 00040000 08:01 761150     /usr/lib/libgobject-2.0.so.0.2600.0
00362000-00363000 rw-p 00041000 08:01 761150     /usr/lib/libgobject-2.0.so.0.2600.0
00363000-0037b000 r-xp 00000000 08:01 764461     /usr/lib/libxcb.so.1.1.0
0037b000-0037c000 r--p 00017000 08:01 764461     /usr/lib/libxcb.so.1.1.0
0037c000-0037d000 rw-p 00018000 08:01 764461     /usr/lib/libxcb.so.1.1.0
00380000-00384000 r-xp 00000000 08:01 765086     /usr/lib/libXtst.so.6.1.0
00384000-00385000 r--p 00003000 08:01 765086     /usr/lib/libXtst.so.6.1.0
00385000-00386000 rw-p 00004000 08:01 765086     /usr/lib/libXtst.so.6.1.0
00386000-003f8000 r-xp 00000000 08:01 764451     /usr/lib/libfreetype.so.6.6.0
003f8000-003fc000 r--p 00071000 08:01 764451     /usr/lib/libfreetype.so.6.6.0
003fc000-003fd000 rw-p 00075000 08:01 764451     /usr/lib/libfreetype.so.6.6.0
003fd000-0040d000 r-xp 00000000 08:01 171723     /lib/libresolv-2.12.1.so
0040d000-0040e000 r--p 00010000 08:01 171723     /lib/libresolv-2.12.1.so
0040e000-0040f000 rw-p 00011000 08:01 171723     /lib/libresolv-2.12.1.so
0040f000-00411000 rw-p 00000000 00:00 0 
00411000-00415000 rwxp 00000000 00:00 0 
00415000-00416000 r-xp 00000000 00:00 0          [vdso]
00416000-00449000 r-xp 00000000 08:01 171797     /lib/libpcre.so.3.12.1
00449000-0044a000 r--p 00032000 08:01 171797     /lib/libpcre.so.3.12.1
0044a000-0044b000 rw-p 00033000 08:01 171797     /lib/libpcre.so.3.12.1
0044b000-00465000 r-xp 00000000 08:01 171776     /lib/libselinux.so.1
00465000-00466000 r--p 00019000 08:01 171776     /lib/libselinux.so.1
00466000-00467000 rw-p 0001a000 08:01 171776     /lib/libselinux.so.1
00467000-00475000 r-xp 00000000 08:01 764847     /usr/lib/libcanberra.so.0.2.4
00475000-00476000 r--p 0000d000 08:01 764847     /usr/lib/libcanberra.so.0.2.4
00476000-00477000 rw-p 0000e000 08:01 764847     /usr/lib/libcanberra.so.0.2.4
00477000-0047e000 r-xp 00000000 08:01 764844     /usr/lib/libvorbisfile.so.3.3.2
0047e000-0047f000 r--p 00006000 08:01 764844     /usr/lib/libvorbisfile.so.3.3.2
0047f000-00480000 rw-p 00007000 08:01 764844     /usr/lib/libvorbisfile.so.3.3.2
00481000-0048a000 r-xp 00000000 08:01 171726     /lib/libnss_nis-2.12.1.so
0048a000-0048b000 r--p 00008000 08:01 171726     /lib/libnss_nis-2.12.1.so
0048b000-0048c000 rw-p 00009000 08:01 171726     /lib/libnss_nis-2.12.1.so
0048c000-00499000 r-xp 00000000 08:01 764839     /usr/lib/libtdb.so.1.2.1
00499000-0049a000 r--p 0000c000 08:01 764839     /usr/lib/libtdb.so.1.2.1
0049a000-0049b000 rw-p 0000d000 08:01 764839     /usr/lib/libtdb.so.1.2.1
0049b000-004a2000 r-xp 00000000 08:01 764835     /usr/lib/libltdl.so.7.2.1
004a2000-004a3000 r--p 00006000 08:01 764835     /usr/lib/libltdl.so.7.2.1
004a3000-004a4000 rw-p 00007000 08:01 764835     /usr/lib/libltdl.so.7.2.1
004a4000-004ab000 r-xp 00000000 08:01 896374     /usr/lib/gtk-2.0/2.10.0/engines/libpixmap.so
004ab000-004ac000 ---p 00007000 08:01 896374     /usr/lib/gtk-2.0/2.10.0/engines/libpixmap.so
004ac000-004ad000 r--p 00007000 08:01 896374     /usr/lib/gtk-2.0/2.10.0/engines/libpixmap.so
004ad000-004ae000 rw-p 00008000 08:01 896374     /usr/lib/gtk-2.0/2.10.0/engines/libpixmap.so
004ae000-004b4000 r-xp 00000000 08:01 171732     /lib/libnss_compat-2.12.1.so
004b4000-004b5000 r--p 00006000 08:01 171732     /lib/libnss_compat-2.12.1.so
004b5000-004b6000 rw-p 00007000 08:01 171732     /lib/libnss_compat-2.12.1.so
004b6000-004da000 r-xp 00000000 08:01 171945     /lib/libexpat.so.1.5.2
004da000-004dc000 r--p 00024000 08:01 171945     /lib/libexpat.so.1.5.2
004dc000-004dd000 rw-p 00026000 08:01 171945     /lib/libexpat.so.1.5.2
004dd000-004df000 r-xp 00000000 08:01 875601     /usr/lib/pango/1.6.0/modules/pango-basic-fc.so
004df000-004e0000 r--p 00001000 08:01 875601     /usr/lib/pango/1.6.0/modules/pango-basic-fc.so
004e0000-004e1000 rw-p 00002000 08:01 875601     /usr/lib/pango/1.6.0/modules/pango-basic-fc.so
004e1000-004e5000 r-xp 00000000 08:01 875515     /usr/lib/gdk-pixbuf-2.0/2.10.0/loaders/libpixbufloader-png.so
004e5000-004e6000 r--p 00003000 08:01 875515     /usr/lib/gdk-pixbuf-2.0/2.10.0/loaders/libpixbufloader-png.so
004e6000-004e7000 rw-p 00004000 08:01 875515     /usr/lib/gdk-pixbuf-2.0/2.10.0/loaders/libpixbufloader-png.so
004e7000-004f1000 r-xp 00000000 08:01 171815     /lib/libudev.so.0.9.1
004f1000-004f2000 r--p 00009000 08:01 171815     /lib/libudev.so.0.9.1
004f2000-004f3000 rw-p 0000a000 08:01 171815     /lib/libudev.so.0.9.1
004fa000-004fd000 r-xp 00000000 08:01 761152     /usr/lib/libgthread-2.0.so.0.2600.0
004fd000-004fe000 r--p 00003000 08:01 761152     /usr/lib/libgthread-2.0.so.0.2600.0
004fe000-004ff000 rw-p 00004000 08:01 761152     /usr/lib/libgthread-2.0.so.0.2600.0
004ff000-0055b000 r-xp 00000000 08:01 764455     /usr/lib/libpixman-1.so.0.18.4
0055b000-0055e000 r--p 0005c000 08:01 764455     /usr/lib/libpixman-1.so.0.18.4
0055e000-0055f000 rw-p 0005f000 08:01 764455     /usr/lib/libpixman-1.so.0.18.4
0055f000-00569000 r-xp 00000000 08:01 493937     /tmp/swtlib-32/libswt-cairo-gtk-3555.so
00569000-0056a000 rw-p 00009000 08:01 493937     /tmp/swtlib-32/libswt-cairo-gtk-3555.so
0056e000-00576000 r-xp 00000000 08:01 764811     /usr/lib/libXcursor.so.1.0.2
00576000-00577000 r--p 00007000 08:01 764811     /usr/lib/libXcursor.so.1.0.2
00577000-00578000 rw-p 00008000 08:01 764811     /usr/lib/libXcursor.so.1.0.2
00578000-0059e000 r-xp 00000000 08:01 764841     /usr/lib/libvorbis.so.0.4.4
0059e000-0059f000 r--p 00025000 08:01 764841     /usr/lib/libvorbis.so.0.4.4
0059f000-005a0000 rw-p 00026000 08:01 764841     /usr/lib/libvorbis.so.0.4.4
005a0000-005c3000 r-xp 00000000 08:01 765181     /usr/lib/gio/modules/libgvfsdbus.so
005c3000-005c4000 r--p 00022000 08:01 765181     /usr/lib/gio/modules/libgvfsdbus.so
005c4000-005c5000 rw-p 00023000 08:01 765181     /usr/lib/gio/modules/libgvfsdbus.so
005cd000-005d9000 r-xp 00000000 08:01 764567     /usr/lib/libXi.so.6.1.0
005d9000-005da000 r--p 0000b000 08:01 764567     /usr/lib/libXi.so.6.1.0
005da000-005db000 rw-p 0000c000 08:01 764567     /usr/lib/libXi.so.6.1.0
005db000-00689000 r-xp 00000000 08:01 764472     /usr/lib/libcairo.so.2.11000.0
00689000-0068a000 ---p 000ae000 08:01 764472     /usr/lib/libcairo.so.2.11000.0
0068a000-0068b000 r--p 000ae000 08:01 764472     /usr/lib/libcairo.so.2.11000.0
0068b000-0068c000 rw-p 000af000 08:01 764472     /usr/lib/libcairo.so.2.11000.0
0068c000-0068e000 rw-p 00000000 00:00 0 
00690000-00697000 r-xp 00000000 08:01 171724     /lib/librt-2.12.1.so
00697000-00698000 r--p 00006000 08:01 171724     /lib/librt-2.12.1.so
00698000-00699000 rw-p 00007000 08:01 171724     /lib/librt-2.12.1.so
00699000-006ac000 r-xp 00000000 08:01 765176     /usr/lib/libgvfscommon.so.0.0.0
006ac000-006ad000 r--p 00012000 08:01 765176     /usr/lib/libgvfscommon.so.0.0.0
006ad000-006ae000 rw-p 00013000 08:01 765176     /usr/lib/libgvfscommon.so.0.0.0
006b8000-006d0000 r-xp 00000000 08:01 764660     /usr/lib/libatk-1.0.so.0.3209.1
006d0000-006d1000 ---p 00018000 08:01 764660     /usr/lib/libatk-1.0.so.0.3209.1
006d1000-006d2000 r--p 00018000 08:01 764660     /usr/lib/libatk-1.0.so.0.3209.1
006d2000-006d3000 rw-p 00019000 08:01 764660     /usr/lib/libatk-1.0.so.0.3209.1
006fe000-00713000 r-xp 00000000 08:01 171734     /lib/libpthread-2.12.1.so
00713000-00714000 ---p 00015000 08:01 171734     /lib/libpthread-2.12.1.so
00714000-00715000 r--p 00015000 08:01 171734     /lib/libpthread-2.12.1.so
00715000-00716000 rw-p 00016000 08:01 171734     /lib/libpthread-2.12.1.so
00716000-00718000 rw-p 00000000 00:00 0 
0071c000-0072f000 r-xp 00000000 08:01 171939     /lib/libz.so.1.2.3.4
0072f000-00730000 r--p 00012000 08:01 171939     /lib/libz.so.1.2.3.4
00730000-00731000 rw-p 00013000 08:01 171939     /lib/libz.so.1.2.3.4
00733000-00772000 r-xp 00000000 08:01 764798     /usr/lib/libpango-1.0.so.0.2800.1
00772000-00773000 ---p 0003f000 08:01 764798     /usr/lib/libpango-1.0.so.0.2800.1
00773000-00774000 r--p 0003f000 08:01 764798     /usr/lib/libpango-1.0.so.0.2800.1
00774000-00775000 rw-p 00040000 08:01 764798     /usr/lib/libpango-1.0.so.0.2800.1
00775000-007a2000 r-xp 00000000 08:01 896375     /usr/lib/gtk-2.0/2.10.0/engines/libmurrine.so
007a2000-007a3000 r--p 0002c000 08:01 896375     /usr/lib/gtk-2.0/2.10.0/engines/libmurrine.so
007a3000-007a4000 rw-p 0002d000 08:01 896375     /usr/lib/gtk-2.0/2.10.0/engines/libmurrine.so
007a4000-007de000 r-xp 00000000 08:01 171702     /lib/libdbus-1.so.3.5.2
007de000-007df000 r--p 00039000 08:01 171702     /lib/libdbus-1.so.3.5.2
007df000-007e0000 rw-p 0003a000 08:01 171702     /lib/libdbus-1.so.3.5.2
007e0000-007e4000 r-xp 00000000 08:01 878773     /usr/lib/gtk-2.0/2.10.0/immodules/im-ibus.so
007e4000-007e5000 r--p 00003000 08:01 878773     /usr/lib/gtk-2.0/2.10.0/immodules/im-ibus.so
007e5000-007e6000 rw-p 00004000 08:01 878773     /usr/lib/gtk-2.0/2.10.0/immodules/im-ibus.so
00812000-0082e000 r-xp 00000000 08:01 171714     /lib/ld-2.12.1.so
0082e000-0082f000 r--p 0001b000 08:01 171714     /lib/ld-2.12.1.so
0082f000-00830000 rw-p 0001c000 08:01 171714     /lib/ld-2.12.1.so
00830000-0086a000 r-xp 00000000 08:01 767731     /usr/lib/libibus.so.2.0.0
0086a000-0086b000 r--p 00039000 08:01 767731     /usr/lib/libibus.so.2.0.0
0086b000-0086c000 rw-p 0003a000 08:01 767731     /usr/lib/libibus.so.2.0.0
00875000-0087f000 r-xp 00000000 08:01 764799     /usr/lib/libpangocairo-1.0.so.0.2800.1
0087f000-00880000 r--p 00009000 08:01 764799     /usr/lib/libpangocairo-1.0.so.0.2800.1
00880000-00881000 rw-p 0000a000 08:01 764799     /usr/lib/libpangocairo-1.0.so.0.2800.1
00881000-009d8000 r-xp 00000000 08:01 171733     /lib/libc-2.12.1.so
009d8000-009d9000 ---p 00157000 08:01 171733     /lib/libc-2.12.1.so
009d9000-009db000 r--p 00157000 08:01 171733     /lib/libc-2.12.1.so
009db000-009dc000 rw-p 00159000 08:01 171733     /lib/libc-2.12.1.so
009dc000-009df000 rw-p 00000000 00:00 0 
009df000-00aac000 r-xp 00000000 08:01 171758     /lib/libglib-2.0.so.0.2600.0
00aac000-00aad000 r--p 000cc000 08:01 171758     /lib/libglib-2.0.so.0.2600.0
00aad000-00aae000 rw-p 000cd000 08:01 171758     /lib/libglib-2.0.so.0.2600.0
00abd000-00b12000 r-xp 00000000 08:01 493936     /tmp/swtlib-32/libswt-pi-gtk-3555.so
00b12000-00b15000 rw-p 00054000 08:01 493936     /tmp/swtlib-32/libswt-pi-gtk-3555.so
00ba2000-00bac000 r-xp 00000000 08:01 171720     /lib/libnss_files-2.12.1.so
00bac000-00bad000 r--p 00009000 08:01 171720     /lib/libnss_files-2.12.1.so
00bad000-00bae000 rw-p 0000a000 08:01 171720     /lib/libnss_files-2.12.1.so
00bae000-00cc7000 r-xp 00000000 08:01 764464     /usr/lib/libX11.so.6.3.0
00cc7000-00cc8000 r--p 00118000 08:01 764464     /usr/lib/libX11.so.6.3.0
00cc8000-00cca000 rw-p 00119000 08:01 764464     /usr/lib/libX11.so.6.3.0
00cca000-00ccb000 rw-p 00000000 00:00 0 
00ce5000-00cea000 r-xp 00000000 08:01 764837     /usr/lib/libogg.so.0.7.0
00cea000-00ceb000 r--p 00004000 08:01 764837     /usr/lib/libogg.so.0.7.0
00ceb000-00cec000 rw-p 00005000 08:01 764837     /usr/lib/libogg.so.0.7.0
00cec000-00d03000 r-xp 00000000 08:01 764745     /usr/lib/libgdk_pixbuf-2.0.so.0.2200.0
00d03000-00d04000 r--p 00017000 08:01 764745     /usr/lib/libgdk_pixbuf-2.0.so.0.2200.0
00d04000-00d05000 rw-p 00018000 08:01 764745     /usr/lib/libgdk_pixbuf-2.0.so.0.2200.0
00d0d000-00d11000 r-xp 00000000 08:01 764459     /usr/lib/libXdmcp.so.6.0.0
00d11000-00d12000 r--p 00003000 08:01 764459     /usr/lib/libXdmcp.so.6.0.0
00d12000-00d13000 rw-p 00004000 08:01 764459     /usr/lib/libXdmcp.so.6.0.0
00d56000-00d61000 r-xp 00000000 08:01 812721     /usr/lib/jvm/java-6-openjdk/jre/lib/i386/libverify.so
00d61000-00d62000 ---p 0000b000 08:01 812721     /usr/lib/jvm/java-6-openjdk/jre/lib/i386/libverify.so
00d62000-00d63000 r--p 0000b000 08:01 812721     /usr/lib/jvm/java-6-openjdk/jre/lib/i386/libverify.so
00d63000-00d64000 rw-p 0000c000 08:01 812721     /usr/lib/jvm/java-6-openjdk/jre/lib/i386/libverify.so
00d80000-00d83000 r-xp 00000000 08:01 812693     /usr/lib/jvm/java-6-openjdk/jre/lib/i386/jli/libjli.so
00d83000-00d84000 r--p 00002000 08:01 812693     /usr/lib/jvm/java-6-openjdk/jre/lib/i386/jli/libjli.so
00d84000-00d85000 rw-p 00003000 08:01 812693     /usr/lib/jvm/java-6-openjdk/jre/lib/i386/jli/libjli.so
00d85000-00d87000 r-xp 00000000 08:01 171722     /lib/libdl-2.12.1.so
00d87000-00d88000 r--p 00001000 08:01 171722     /lib/libdl-2.12.1.so
00d88000-00d89000 rw-p 00002000 08:01 171722     /lib/libdl-2.12.1.so
00d89000-011d0000 r-xp 00000000 08:01 812688     /usr/lib/jvm/java-6-openjdk/jre/lib/i386/client/libjvm.so
011d0000-011e7000 r--p 00447000 08:01 812688     /usr/lib/jvm/java-6-openjdk/jre/lib/i386/client/libjvm.so
011e7000-011f4000 rw-p 0045e000 08:01 812688     /usr/lib/jvm/java-6-openjdk/jre/lib/i386/client/libjvm.so
011f4000-01610000 rw-p 00000000 00:00 0 
0192e000-01a16000 r-xp 00000000 08:01 761153     /usr/lib/libgio-2.0.so.0.2600.0
01a16000-01a18000 r--p 000e7000 08:01 761153     /usr/lib/libgio-2.0.so.0.2600.0
01a18000-01a19000 rw-p 000e9000 08:01 761153     /usr/lib/libgio-2.0.so.0.2600.0
01a19000-01a1a000 rw-p 00000000 00:00 0 
0700f000-073d7000 r-xp 00000000 08:01 764824     /usr/lib/libgtk-x11-2.0.so.0.2200.0
073d7000-073db000 r--p 003c8000 08:01 764824     /usr/lib/libgtk-x11-2.0.so.0.2200.0
073db000-073dd000 rw-p 003cc000 08:01 764824     /usr/lib/libgtk-x11-2.0.so.0.2200.0
073dd000-073df000 rw-p 00000000 00:00 0 
08048000-08051000 r-xp 00000000 08:01 812753     /usr/lib/jvm/java-6-openjdk/jre/bin/java
08051000-08052000 r--p 00008000 08:01 812753     /usr/lib/jvm/java-6-openjdk/jre/bin/java
08052000-08053000 rw-p 00009000 08:01 812753     /usr/lib/jvm/java-6-openjdk/jre/bin/java
09c51000-0a06c000 rw-p 00000000 00:00 0          [heap]
7b8e0000-7d2c0000 rw-p 00000000 00:00 0 
7d2c0000-82380000 rw-p 00000000 00:00 0 
82380000-8571e000 rw-p 00000000 00:00 0 
8571e000-8f8e0000 rw-p 00000000 00:00 0 
8f8e0000-90ee0000 rw-p 00000000 00:00 0 
90ee0000-938e0000 rw-p 00000000 00:00 0 
938e0000-94037000 r--s 00001000 08:01 812826     /usr/lib/jvm/java-6-openjdk/jre/lib/i386/client/classes.jsa
94037000-942e0000 rw-p 00000000 00:00 0 
942e0000-94a20000 rw-p 00758000 08:01 812826     /usr/lib/jvm/java-6-openjdk/jre/lib/i386/client/classes.jsa
94a20000-94ee0000 rw-p 00000000 00:00 0 
94ee0000-94fdb000 rw-p 00e98000 08:01 812826     /usr/lib/jvm/java-6-openjdk/jre/lib/i386/client/classes.jsa
94fdb000-952e0000 rw-p 00000000 00:00 0 
952e0000-952e8000 r-xs 00f93000 08:01 812826     /usr/lib/jvm/java-6-openjdk/jre/lib/i386/client/classes.jsa
952e8000-956e0000 rw-p 00000000 00:00 0 
b3ac7000-b3bc9000 rw-p 00000000 00:00 0 
b3bc9000-b3c00000 r--p 00000000 08:01 861707     /usr/share/fonts/truetype/ttf-dejavu/DejaVuSansMono-BoldOblique.ttf
b3c00000-b3c6d000 rw-p 00000000 00:00 0 
b3c6d000-b3d00000 ---p 00000000 00:00 0 
b3d1a000-b3d53000 r--p 00000000 08:01 861708     /usr/share/fonts/truetype/ttf-dejavu/DejaVuSansMono-Oblique.ttf
b3d53000-b3d9d000 r--p 00000000 08:01 859097     /usr/share/fonts/truetype/ttf-dejavu/DejaVuSansMono-Bold.ttf
b3d9d000-b3dff000 r--p 00000000 08:01 967582     /usr/share/fonts/truetype/ubuntu-font-family/Ubuntu-BI.ttf
b3dff000-b3e02000 ---p 00000000 00:00 0 
b3e02000-b3f00000 rw-p 00000000 00:00 0 
b3f00000-b4000000 rw-p 00000000 00:00 0 
b4024000-b407a000 r--p 00000000 08:01 967581     /usr/share/fonts/truetype/ubuntu-font-family/Ubuntu-I.ttf
b407a000-b40c7000 r--p 00000000 08:01 967579     /usr/share/fonts/truetype/ubuntu-font-family/Ubuntu-B.ttf
b40c7000-b40dd000 r--s 001b0000 08:01 297629     /home/user/.redcar/assets/svnkit.jar
b40dd000-b4100000 r--s 00160000 08:01 297617     /home/user/.redcar/assets/bcprov-jdk14-139.jar
b4100000-b41fc000 rw-p 00000000 00:00 0 
b41fc000-b4200000 ---p 00000000 00:00 0 
b4209000-b420b000 r--s 00013000 08:01 796343     /usr/lib/jvm/java-6-openjdk/jre/lib/jce.jar
b420b000-b4210000 r--s 0002b000 08:01 297619     /home/user/.redcar/assets/bcmail-jdk14-139.jar
b4210000-b4217000 r--s 0005c000 08:01 297622     /home/user/.redcar/assets/jopenssl.jar
b4217000-b421a000 r--s 0001d000 08:01 297624     /home/user/.redcar/assets/java-mateview-0.9.1.jar
b421a000-b421d000 r--s 00023000 08:01 297620     /home/user/.redcar/assets/jdom.jar
b421d000-b4220000 r--s 00039000 08:01 297618     /home/user/.redcar/assets/jcodings.jar
b4220000-b4223000 r--s 0002a000 08:01 297549     /home/user/.redcar/assets/joni.jar
b4223000-b4225000 r--s 00000000 08:01 297626     /home/user/.redcar/assets/application_swt-0.9.1.jar
b4225000-b422b000 r--s 000fc000 08:01 796350     /usr/lib/jvm/java-6-openjdk/jre/lib/resources.jar
b422b000-b422f000 r--s 0007c000 08:01 796344     /usr/lib/jvm/java-6-openjdk/jre/lib/jsse.jar
b422f000-b428f000 rw-s 00000000 00:04 21233682   /SYSV00000000 (deleted)
b428f000-b42ef000 rw-s 00000000 00:04 21200912   /SYSV00000000 (deleted)
b42ef000-b42f5000 r--p 00000000 08:01 1071562    /usr/share/locale-langpack/it/LC_MESSAGES/gdk-pixbuf.mo
b42f5000-b42ff000 r--s 000a3000 08:01 297613     /home/user/.redcar/assets/jface/org.eclipse.core.resources.jar
b42ff000-b4310000 r--s 00102000 08:01 297611     /home/user/.redcar/assets/jface/org.eclipse.osgi.jar
b4310000-b4312000 r--s 00010000 08:01 297610     /home/user/.redcar/assets/jface/org.eclipse.core.runtime_3.5.0.v20090525.jar
b4312000-b431b000 r--s 00037000 08:01 297609     /home/user/.redcar/assets/jface/org.eclipse.jface.databinding_1.3.0.I20090525-2000.jar
b431b000-b431e000 r--s 00016000 08:01 297604     /home/user/.redcar/assets/jface/org.eclipse.equinox.common.jar
b431e000-b4323000 r--s 00037000 08:01 297615     /home/user/.redcar/assets/jface/org.eclipse.text_3.5.0.v20090513-2000.jar
b4323000-b4326000 r--s 00017000 08:01 297608     /home/user/.redcar/assets/jface/org.eclipse.core.commands.jar
b4326000-b433a000 r--s 000ef000 08:01 297607     /home/user/.redcar/assets/jface/org.eclipse.jface.jar
b433a000-b434d000 r--s 000da000 08:01 297612     /home/user/.redcar/assets/jface/org.eclipse.jface.text_3.5.0.jar
b434d000-b439c000 r--p 00000000 08:01 859096     /usr/share/fonts/truetype/ttf-dejavu/DejaVuSansMono.ttf
b439c000-b43ea000 r--p 00000000 08:01 967580     /usr/share/fonts/truetype/ubuntu-font-family/Ubuntu-R.ttf
b43ea000-b43eb000 r--s 00000000 08:01 231861     /var/cache/fontconfig/c05880de57d1f5e948fdfacc138775d9-le32d4.cache-3
b43eb000-b43f1000 r--s 00000000 08:01 231840     /var/cache/fontconfig/945677eb7aeaf62f1d50efc3fb3ec7d8-le32d4.cache-3
b43f1000-b43f3000 r--s 00000000 08:01 231859     /var/cache/fontconfig/99e8ed0e538f840c565b6ed5dad60d56-le32d4.cache-3
b43f3000-b43f6000 r--s 00000000 08:01 231858     /var/cache/fontconfig/e383d7ea5fbe662a33d9b44caf393297-le32d4.cache-3
b43f6000-b43f8000 r--s 00000000 08:01 231857     /var/cache/fontconfig/2cd17615ca594fa2959ae173292e504c-le32d4.cache-3
b43f8000-b43f9000 r--s 00000000 08:01 231856     /var/cache/fontconfig/e7071f4a29fa870f4323321c154eba04-le32d4.cache-3
b43f9000-b43fc000 r--s 00000000 08:01 231855     /var/cache/fontconfig/6eb3985aa4124903f6ff08ba781cd364-le32d4.cache-3
b43fc000-b43ff000 ---p 00000000 00:00 0 
b43ff000-b44fd000 rw-p 00000000 00:00 0 
b44fd000-b4500000 ---p 00000000 00:00 0 
b4500000-b45fe000 rw-p 00000000 00:00 0 
b45fe000-b4601000 ---p 00000000 00:00 0 
b4601000-b46ff000 rw-p 00000000 00:00 0 
b46ff000-b4702000 ---p 00000000 00:00 0 
b4702000-b4800000 rw-p 00000000 00:00 0 
b4800000-b48ff000 rw-p 00000000 00:00 0 
b48ff000-b4900000 ---p 00000000 00:00 0 
b4900000-b4902000 r--s 00012000 08:01 297616     /home/user/.redcar/assets/jface/org.eclipse.core.jobs.jar
b4902000-b4903000 r--s 00000000 08:01 231854     /var/cache/fontconfig/4c73fe0c47614734b17d736dbde7580a-le32d4.cache-3
b4903000-b4904000 r--s 00000000 08:01 231853     /var/cache/fontconfig/0d8c3b2ac0904cb8a57a757ad11a4a08-le32d4.cache-3
b4904000-b4905000 r--s 00000000 08:01 231852     /var/cache/fontconfig/6a53c69dea097a2d716e069445527da8-le32d4.cache-3
b4905000-b4909000 r--s 00000000 08:01 231851     /var/cache/fontconfig/a755afe4a08bf5b97852ceb7400b47bc-le32d4.cache-3
b4909000-b4910000 r--s 00000000 08:01 232065     /var/cache/fontconfig/6d41288fd70b0be22e8c3a91e032eec0-le32d4.cache-3
b4910000-b491b000 r--s 00000000 08:01 231849     /var/cache/fontconfig/0f34bcd4b6ee430af32735b75db7f02b-le32d4.cache-3
b491b000-b491e000 r--s 00000000 08:01 231848     /var/cache/fontconfig/d60319d88cac85ba9e1a07bd06cfbb8c-le32d4.cache-3
b491e000-b491f000 r--s 00000000 08:01 231847     /var/cache/fontconfig/4794a0821666d79190d59a36cb4f44b5-le32d4.cache-3
b491f000-b4927000 r--s 00000000 08:01 231839     /var/cache/fontconfig/d52a8644073d54c13679302ca1180695-le32d4.cache-3
b4927000-b4929000 r--s 00000000 08:01 231842     /var/cache/fontconfig/e13b20fdb08344e0e664864cc2ede53d-le32d4.cache-3
b4929000-b492c000 r--s 00000000 08:01 231846     /var/cache/fontconfig/7ef2298fde41cc6eeb7af42e48b7d293-le32d4.cache-3
b492c000-b492d000 r--s 00000000 08:01 566815     /home/user/.fontconfig/65615e97947156be5d60d3d2459d17f8-le32d4.cache-3
b492d000-b4939000 r--p 00000000 08:01 1071547    /usr/share/locale-langpack/it/LC_MESSAGES/glib20.mo
b4939000-b4963000 r--p 00000000 08:01 1071442    /usr/share/locale-langpack/it/LC_MESSAGES/gtk20-properties.mo
b4963000-b497d000 r--p 00000000 08:01 1071283    /usr/share/locale-langpack/it/LC_MESSAGES/libc.mo
b497d000-b497e000 ---p 00000000 00:00 0 
b497e000-b49fe000 rw-p 00000000 00:00 0 
b49fe000-b4a01000 ---p 00000000 00:00 0 
b4a01000-b4aff000 rw-p 00000000 00:00 0 
b4aff000-b4b02000 ---p 00000000 00:00 0 
b4b02000-b4c00000 rw-p 00000000 00:00 0 
b4c00000-b4e00000 r--p 00000000 08:01 764022     /usr/lib/locale/locale-archive
b4e00000-b4efc000 rw-p 00000000 00:00 0 
b4efc000-b4f00000 ---p 00000000 00:00 0 
b4f01000-b4f10000 r--p 00000000 08:01 1071527    /usr/share/locale-langpack/it/LC_MESSAGES/gtk20.mo
b4f10000-b4f24000 r--s 00145000 08:01 297630     /home/user/.redcar/assets/swt/linux.jar
b4f24000-b4f2b000 r--s 00000000 08:01 763220     /usr/lib/gconv/gconv-modules.cache
b4f2b000-b4f33000 r--s 00066000 08:01 902511     /usr/share/java/gnome-java-bridge.jar
b4f33000-b4f36000 ---p 00000000 00:00 0 
b4f36000-b4fb4000 rw-p 00000000 00:00 0 
b4fb4000-b4fb7000 ---p 00000000 00:00 0 
b4fb7000-b50b5000 rw-p 00000000 00:00 0 
b50b5000-b50b8000 ---p 00000000 00:00 0 
b50b8000-b51b6000 rw-p 00000000 00:00 0 
b51b6000-b51b7000 ---p 00000000 00:00 0 
b51b7000-b5237000 rw-p 00000000 00:00 0 
b5237000-b530d000 r--s 00a1b000 08:01 297605     /home/user/.redcar/assets/jruby-complete-1.5.3.jar
b530d000-b530f000 r--s 0001d000 08:01 796349     /usr/lib/jvm/java-6-openjdk/jre/lib/plugin.jar
b530f000-b5314000 r--s 00044000 08:01 796348     /usr/lib/jvm/java-6-openjdk/jre/lib/netx.jar
b5314000-b5346000 rw-p 00000000 00:00 0 
b5346000-b54d4000 r--s 038af000 08:01 796551     /usr/lib/jvm/java-6-openjdk/jre/lib/rt.jar
b54d4000-b54ed000 rw-p 00000000 00:00 0 
b54ed000-b5502000 rw-p 00000000 00:00 0 
b5502000-b551c000 rw-p 00000000 00:00 0 
b551c000-b556d000 rw-p 00000000 00:00 0 
b556d000-b557a000 rw-p 00000000 00:00 0 
b557a000-b55a2000 rw-p 00000000 00:00 0 
b55a2000-b55bd000 rw-p 00000000 00:00 0 
b55bd000-b560d000 rw-p 00000000 00:00 0 
b560d000-b5618000 rw-p 00000000 00:00 0 
b5618000-b562d000 rw-p 00000000 00:00 0 
b562d000-b564c000 rw-p 00000000 00:00 0 
b564c000-b56b9000 rw-p 00000000 00:00 0 
b56b9000-b5b69000 rwxp 00000000 00:00 0 
b5b69000-b76b9000 rw-p 00000000 00:00 0 
b76b9000-b76bc000 ---p 00000000 00:00 0 
b76bc000-b77bd000 rw-p 00000000 00:00 0 
b77bd000-b77c0000 r--s 0000f000 08:01 796330     /usr/lib/jvm/java-6-openjdk/jre/lib/ext/pulse-java.jar
b77c0000-b77c1000 r--p 002a5000 08:01 764022     /usr/lib/locale/locale-archive
b77c1000-b77c9000 rw-s 00000000 08:01 493895     /tmp/hsperfdata_user/15265
b77c9000-b77ca000 rw-p 00000000 00:00 0 
b77ca000-b77cb000 ---p 00000000 00:00 0 
b77cb000-b77cd000 rw-p 00000000 00:00 0 
bfd08000-bfd29000 rw-p 00000000 00:00 0          [stack]

VM Arguments:
jvm_args: -Xbootclasspath/a:/home/user/.redcar/assets/jruby-complete-1.5.3.jar -Xmx320m -Xss1024k -Djruby.memory.max=320m -Djruby.stack.max=1024k 
java_command: org.jruby.Main /home/user/.rvm/gems/ruby-1.9.2-p0/gems/redcar-0.9.1/bin/redcar -f . --no-sub-jruby --ignore-stdin
Launcher Type: SUN_STANDARD

Environment Variables:
PATH=/home/user/.rvm/gems/ruby-1.9.2-p0/bin:/home/user/.rvm/gems/ruby-1.9.2-p0@global/bin:/home/user/.rvm/rubies/ruby-1.9.2-p0/bin:/home/user/.rvm/bin:/usr/local/sbin:/usr/local/bin:/usr/sbin:/usr/bin:/sbin:/bin:/usr/games
USERNAME=user
LD_LIBRARY_PATH=/usr/lib/jvm/java-6-openjdk/jre/lib/i386/client:/usr/lib/jvm/java-6-openjdk/jre/lib/i386:/usr/lib/jvm/java-6-openjdk/jre/../lib/i386
SHELL=/bin/bash
DISPLAY=:0.0

Signal Handlers:
SIGSEGV: [libjvm.so+0x3df4f0], sa_mask[0]=0x7ffbfeff, sa_flags=0x10000004
SIGBUS: [libjvm.so+0x3df4f0], sa_mask[0]=0x7ffbfeff, sa_flags=0x10000004
SIGFPE: [libjvm.so+0x3055c0], sa_mask[0]=0x7ffbfeff, sa_flags=0x10000004
SIGPIPE: SIG_IGN, sa_mask[0]=0x00001000, sa_flags=0x10000000
SIGXFSZ: [libjvm.so+0x3055c0], sa_mask[0]=0x7ffbfeff, sa_flags=0x10000004
SIGILL: [libjvm.so+0x3055c0], sa_mask[0]=0x7ffbfeff, sa_flags=0x10000004
SIGUSR1: SIG_DFL, sa_mask[0]=0x00000000, sa_flags=0x00000000
SIGUSR2: [libjvm.so+0x304c70], sa_mask[0]=0x00000000, sa_flags=0x10000004
SIGHUP: [libjvm.so+0x3077e0], sa_mask[0]=0x7ffbfeff, sa_flags=0x10000004
SIGINT: [libjvm.so+0x3077e0], sa_mask[0]=0x7ffbfeff, sa_flags=0x10000004
SIGTERM: [libjvm.so+0x3077e0], sa_mask[0]=0x7ffbfeff, sa_flags=0x10000004
SIGQUIT: [libjvm.so+0x3077e0], sa_mask[0]=0x7ffbfeff, sa_flags=0x10000004


---------------  S Y S T E M  ---------------

OS:Ubuntu 10.10 (maverick)
uname:Linux 2.6.35-22-generic #33-Ubuntu SMP Sun Sep 19 20:34:50 UTC 2010 i686
libc:glibc 2.12.1 NPTL 2.12.1 
rlimit: STACK 8192k, CORE 0k, NPROC infinity, NOFILE 1024, AS infinity
load average:0,36 0,40 0,35

/proc/meminfo:
MemTotal:        2060876 kB
MemFree:          341604 kB
Buffers:          501000 kB
Cached:           753564 kB
SwapCached:            0 kB
Active:           867944 kB
Inactive:         755480 kB
Active(anon):     238968 kB
Inactive(anon):   136624 kB
Active(file):     628976 kB
Inactive(file):   618856 kB
Unevictable:          16 kB
Mlocked:              16 kB
HighTotal:       1187784 kB
HighFree:         113324 kB
LowTotal:         873092 kB
LowFree:          228280 kB
SwapTotal:             0 kB
SwapFree:              0 kB
Dirty:                20 kB
Writeback:             0 kB
AnonPages:        368868 kB
Mapped:            91500 kB
Shmem:              6740 kB
Slab:              80420 kB
SReclaimable:      70000 kB
SUnreclaim:        10420 kB
KernelStack:        2688 kB
PageTables:         5320 kB
NFS_Unstable:          0 kB
Bounce:                0 kB
WritebackTmp:          0 kB
CommitLimit:     1030436 kB
Committed_AS:    1272752 kB
VmallocTotal:     122880 kB
VmallocUsed:        5656 kB
VmallocChunk:     111424 kB
HardwareCorrupted:     0 kB
HugePages_Total:       0
HugePages_Free:        0
HugePages_Rsvd:        0
HugePages_Surp:        0
Hugepagesize:       4096 kB
DirectMap4k:       20472 kB
DirectMap4M:      888832 kB


CPU:total 2 (1 cores per cpu, 1 threads per core) family 16 model 5 stepping 2, cmov, cx8, fxsr, mmx, sse, sse2, sse3, popcnt, mmxext, 3dnow, 3dnowext, lzcnt, sse4a

Memory: 4k page, physical 2060876k(341604k free), swap 0k(0k free)

vm_info: OpenJDK Client VM (19.0-b09) for linux-x86 JRE (1.6.0_20-b20), built on Nov 22 2010 20:01:12 by "buildd" with gcc 4.4.5

time: Tue Jan 25 14:39:11 2011
elapsed time: 116 seconds

